# JRE version: OpenJDK Runtime Environment (8.0_242-b01) (build 1.8.0_242-release-1644-b01)
# Java VM: OpenJDK 64-Bit Server VM (25.242-b01 mixed mode windows-amd64 compressed oops)
Heap:
 PSYoungGen      total 45568K, used 38077K [0x00000000d5580000, 0x00000000d9f00000, 0x0000000100000000)
  eden space 31232K, 76% used [0x00000000d5580000,0x00000000d6cb2e08,0x00000000d7400000)
  from space 14336K, 99% used [0x00000000d7400000,0x00000000d81fc820,0x00000000d8200000)
  to   space 19456K, 0% used [0x00000000d8c00000,0x00000000d8c00000,0x00000000d9f00000)
 ParOldGen       total 78336K, used 44741K [0x0000000080000000, 0x0000000084c80000, 0x00000000d5580000)
  object space 78336K, 57% used [0x0000000080000000,0x0000000082bb1728,0x0000000084c80000)
 Metaspace       used 70585K, capacity 74032K, committed 74328K, reserved 1114112K
  class space    used 9334K, capacity 10023K, committed 10112K, reserved 1048576K
GC Heap History (10 events):
Event: 1463.828 GC heap before
{Heap before GC invocations=40 (full 3):
 PSYoungGen      total 33792K, used 33437K [0x00000000d5580000, 0x00000000d8200000, 0x0000000100000000)
  eden space 25088K, 100% used [0x00000000d5580000,0x00000000d6e00000,0x00000000d6e00000)
  from space 8704K, 95% used [0x00000000d7780000,0x00000000d7fa7670,0x00000000d8000000)
  to   space 9728K, 0% used [0x00000000d6e00000,0x00000000d6e00000,0x00000000d7780000)
 ParOldGen       total 78336K, used 31265K [0x0000000080000000, 0x0000000084c80000, 0x00000000d5580000)
  object space 78336K, 39% used [0x0000000080000000,0x0000000081e88468,0x0000000084c80000)
 Metaspace       used 66722K, capacity 69788K, committed 69848K, reserved 1110016K
  class space    used 8803K, capacity 9449K, committed 9472K, reserved 1048576K
Event: 1463.842 GC heap after
Heap after GC invocations=40 (full 3):
 PSYoungGen      total 34816K, used 7376K [0x00000000d5580000, 0x00000000d8680000, 0x0000000100000000)
  eden space 25088K, 0% used [0x00000000d5580000,0x00000000d5580000,0x00000000d6e00000)
  from space 9728K, 75% used [0x00000000d6e00000,0x00000000d7534088,0x00000000d7780000)
  to   space 10240K, 0% used [0x00000000d7c80000,0x00000000d7c80000,0x00000000d8680000)
 ParOldGen       total 78336K, used 33681K [0x0000000080000000, 0x0000000084c80000, 0x00000000d5580000)
  object space 78336K, 42% used [0x0000000080000000,0x00000000820e4508,0x0000000084c80000)
 Metaspace       used 66722K, capacity 69788K, committed 69848K, reserved 1110016K
  class space    used 8803K, capacity 9449K, committed 9472K, reserved 1048576K
}
Event: 1465.762 GC heap before
{Heap before GC invocations=41 (full 3):
 PSYoungGen      total 34816K, used 32464K [0x00000000d5580000, 0x00000000d8680000, 0x0000000100000000)
  eden space 25088K, 100% used [0x00000000d5580000,0x00000000d6e00000,0x00000000d6e00000)
  from space 9728K, 75% used [0x00000000d6e00000,0x00000000d7534088,0x00000000d7780000)
  to   space 10240K, 0% used [0x00000000d7c80000,0x00000000d7c80000,0x00000000d8680000)
 ParOldGen       total 78336K, used 33681K [0x0000000080000000, 0x0000000084c80000, 0x00000000d5580000)
  object space 78336K, 42% used [0x0000000080000000,0x00000000820e4508,0x0000000084c80000)
 Metaspace       used 68161K, capacity 71470K, committed 71640K, reserved 1112064K
  class space    used 9055K, capacity 9708K, committed 9728K, reserved 1048576K
Event: 1465.783 GC heap after
Heap after GC invocations=41 (full 3):
 PSYoungGen      total 38400K, used 9921K [0x00000000d5580000, 0x00000000d8980000, 0x0000000100000000)
  eden space 28160K, 0% used [0x00000000d5580000,0x00000000d5580000,0x00000000d7100000)
  from space 10240K, 96% used [0x00000000d7c80000,0x00000000d8630718,0x00000000d8680000)
  to   space 11776K, 0% used [0x00000000d7100000,0x00000000d7100000,0x00000000d7c80000)
 ParOldGen       total 78336K, used 33737K [0x0000000080000000, 0x0000000084c80000, 0x00000000d5580000)
  object space 78336K, 43% used [0x0000000080000000,0x00000000820f2508,0x0000000084c80000)
 Metaspace       used 68161K, capacity 71470K, committed 71640K, reserved 1112064K
  class space    used 9055K, capacity 9708K, committed 9728K, reserved 1048576K
}
Event: 1467.702 GC heap before
{Heap before GC invocations=42 (full 3):
 PSYoungGen      total 38400K, used 38081K [0x00000000d5580000, 0x00000000d8980000, 0x0000000100000000)
  eden space 28160K, 100% used [0x00000000d5580000,0x00000000d7100000,0x00000000d7100000)
  from space 10240K, 96% used [0x00000000d7c80000,0x00000000d8630718,0x00000000d8680000)
  to   space 11776K, 0% used [0x00000000d7100000,0x00000000d7100000,0x00000000d7c80000)
 ParOldGen       total 78336K, used 33737K [0x0000000080000000, 0x0000000084c80000, 0x00000000d5580000)
  object space 78336K, 43% used [0x0000000080000000,0x00000000820f2508,0x0000000084c80000)
 Metaspace       used 68507K, capacity 71924K, committed 72280K, reserved 1112064K
  class space    used 9085K, capacity 9755K, committed 9856K, reserved 1048576K
Event: 1467.725 GC heap after
Heap after GC invocations=42 (full 3):
 PSYoungGen      total 39936K, used 10793K [0x00000000d5580000, 0x00000000d8e80000, 0x0000000100000000)
  eden space 28160K, 0% used [0x00000000d5580000,0x00000000d5580000,0x00000000d7100000)
  from space 11776K, 91% used [0x00000000d7100000,0x00000000d7b8a4c0,0x00000000d7c80000)
  to   space 12800K, 0% used [0x00000000d8200000,0x00000000d8200000,0x00000000d8e80000)
 ParOldGen       total 78336K, used 33897K [0x0000000080000000, 0x0000000084c80000, 0x00000000d5580000)
  object space 78336K, 43% used [0x0000000080000000,0x000000008211a508,0x0000000084c80000)
 Metaspace       used 68507K, capacity 71924K, committed 72280K, reserved 1112064K
  class space    used 9085K, capacity 9755K, committed 9856K, reserved 1048576K
}
Event: 1470.139 GC heap before
{Heap before GC invocations=43 (full 3):
 PSYoungGen      total 39936K, used 38953K [0x00000000d5580000, 0x00000000d8e80000, 0x0000000100000000)
  eden space 28160K, 100% used [0x00000000d5580000,0x00000000d7100000,0x00000000d7100000)
  from space 11776K, 91% used [0x00000000d7100000,0x00000000d7b8a4c0,0x00000000d7c80000)
  to   space 12800K, 0% used [0x00000000d8200000,0x00000000d8200000,0x00000000d8e80000)
 ParOldGen       total 78336K, used 33897K [0x0000000080000000, 0x0000000084c80000, 0x00000000d5580000)
  object space 78336K, 43% used [0x0000000080000000,0x000000008211a508,0x0000000084c80000)
 Metaspace       used 68907K, capacity 72300K, committed 72536K, reserved 1112064K
  class space    used 9132K, capacity 9831K, committed 9856K, reserved 1048576K
Event: 1470.159 GC heap after
Heap after GC invocations=43 (full 3):
 PSYoungGen      total 44032K, used 10956K [0x00000000d5580000, 0x00000000d9180000, 0x0000000100000000)
  eden space 31232K, 0% used [0x00000000d5580000,0x00000000d5580000,0x00000000d7400000)
  from space 12800K, 85% used [0x00000000d8200000,0x00000000d8cb3228,0x00000000d8e80000)
  to   space 14336K, 0% used [0x00000000d7400000,0x00000000d7400000,0x00000000d8200000)
 ParOldGen       total 78336K, used 36635K [0x0000000080000000, 0x0000000084c80000, 0x00000000d5580000)
  object space 78336K, 46% used [0x0000000080000000,0x00000000823c6e50,0x0000000084c80000)
 Metaspace       used 68907K, capacity 72300K, committed 72536K, reserved 1112064K
  class space    used 9132K, capacity 9831K, committed 9856K, reserved 1048576K
}
Event: 1471.275 GC heap before
{Heap before GC invocations=44 (full 3):
 PSYoungGen      total 44032K, used 42188K [0x00000000d5580000, 0x00000000d9180000, 0x0000000100000000)
  eden space 31232K, 100% used [0x00000000d5580000,0x00000000d7400000,0x00000000d7400000)
  from space 12800K, 85% used [0x00000000d8200000,0x00000000d8cb3228,0x00000000d8e80000)
  to   space 14336K, 0% used [0x00000000d7400000,0x00000000d7400000,0x00000000d8200000)
 ParOldGen       total 78336K, used 36635K [0x0000000080000000, 0x0000000084c80000, 0x00000000d5580000)
  object space 78336K, 46% used [0x0000000080000000,0x00000000823c6e50,0x0000000084c80000)
 Metaspace       used 70065K, capacity 73434K, committed 73688K, reserved 1114112K
  class space    used 9266K, capacity 9972K, committed 9984K, reserved 1048576K
Event: 1471.301 GC heap after
Heap after GC invocations=44 (full 3):
 PSYoungGen      total 45568K, used 14322K [0x00000000d5580000, 0x00000000d9f00000, 0x0000000100000000)
  eden space 31232K, 0% used [0x00000000d5580000,0x00000000d5580000,0x00000000d7400000)
  from space 14336K, 99% used [0x00000000d7400000,0x00000000d81fc820,0x00000000d8200000)
  to   space 19456K, 0% used [0x00000000d8c00000,0x00000000d8c00000,0x00000000d9f00000)
 ParOldGen       total 78336K, used 44741K [0x0000000080000000, 0x0000000084c80000, 0x00000000d5580000)
  object space 78336K, 57% used [0x0000000080000000,0x0000000082bb1728,0x0000000084c80000)
 Metaspace       used 70065K, capacity 73434K, committed 73688K, reserved 1114112K
  class space    used 9266K, capacity 9972K, committed 9984K, reserved 1048576K
}

